c:\users\programmer\source\repos\geneticprogramm\geneticprogramm\debug\vc142.pdb
c:\users\programmer\source\repos\geneticprogramm\geneticprogramm\debug\vc142.idb
c:\users\programmer\source\repos\geneticprogramm\geneticprogramm\debug\tree.obj
c:\users\programmer\source\repos\geneticprogramm\geneticprogramm\debug\subtreegenerator.obj
c:\users\programmer\source\repos\geneticprogramm\geneticprogramm\debug\random.obj
c:\users\programmer\source\repos\geneticprogramm\geneticprogramm\debug\node.obj
c:\users\programmer\source\repos\geneticprogramm\geneticprogramm\debug\main.obj
c:\users\programmer\source\repos\geneticprogramm\geneticprogramm\debug\gaworker.obj
c:\users\programmer\source\repos\geneticprogramm\geneticprogramm\debug\gaselector.obj
c:\users\programmer\source\repos\geneticprogramm\geneticprogramm\debug\gaexecuter.obj
c:\users\programmer\source\repos\geneticprogramm\geneticprogramm\debug\chromosome.obj
c:\users\programmer\source\repos\geneticprogramm\geneticprogramm\debug\calculate.obj
c:\users\programmer\source\repos\geneticprogramm\debug\geneticprogramm.ilk
c:\users\programmer\source\repos\geneticprogramm\debug\geneticprogramm.exe
c:\users\programmer\source\repos\geneticprogramm\debug\geneticprogramm.pdb
c:\users\programmer\source\repos\geneticprogramm\geneticprogramm\debug\geneticprogramm.tlog\cl.command.1.tlog
c:\users\programmer\source\repos\geneticprogramm\geneticprogramm\debug\geneticprogramm.tlog\cl.read.1.tlog
c:\users\programmer\source\repos\geneticprogramm\geneticprogramm\debug\geneticprogramm.tlog\cl.write.1.tlog
c:\users\programmer\source\repos\geneticprogramm\geneticprogramm\debug\geneticprogramm.tlog\link.command.1.tlog
c:\users\programmer\source\repos\geneticprogramm\geneticprogramm\debug\geneticprogramm.tlog\link.read.1.tlog
c:\users\programmer\source\repos\geneticprogramm\geneticprogramm\debug\geneticprogramm.tlog\link.write.1.tlog
